* Microsoft COBOL Version 4.5        L2.4 revision 002 04-Mar-23 12:49 Page   1
*                                       EX02.CBL
* Options: LIST(EX02.LST) ASMLIST(EX02.GRP)
     1 IDENTIFICATION DIVISION.
     2 PROGRAM-ID. EX02.
     3 AUTHOR. BRUNO RODRIGUES DE CARVALHO.
     4 INSTALLATION. FATEC-SP.
     5 DATE-WRITTEN. 04/03/2022.
     6 DATE-COMPILED. 04-Mar-23 12:49.
     7
     8 ENVIRONMENT DIVISION.
     9
    10 CONFIGURATION SECTION.
    11 SOURCE-COMPUTER. BRUNO-NOTEBOOK.
    12 OBJECT-COMPUTER. BRUNO-NOTEBOOK.
    13 SPECIAL-NAMES. DECIMAL-POINT IS COMMA.
    14
    15 INPUT-OUTPUT SECTION.
    16
    17 FILE-CONTROL.
    18
    19     SELECT CADALU ASSIGN TO DISK
    20     ORGANIZATION IS LINE SEQUENTIAL.
    21
    22     SELECT CADATU ASSIGN TO DISK
    23     ORGANIZATION IS LINE SEQUENTIAL.
    24
    25 DATA DIVISION.
    26
    27 FILE SECTION.
    28 FD CADALU
    29     LABEL RECORD ARE STANDARD
    30     VALUE OF FILE-ID IS "CADALU.DAT".
    31
    32 01 REG-ENT.
    33     02 NUMERO-ENT PIC 9(05).
    34     02 NOME-ENT PIC X(20).
    35     02 SEXO-ENT PIC X(01).
    36     02 DATA-NASCIMENTO-ENT.
    37        03 DD PIC 9(02).
    38        03 MM PIC 9(02).
    39        03 AA PIC 9(04).
    40
    41 FD CADATU
    42     LABEL RECORD ARE STANDARD
    43     VALUE OF FILE-ID IS "CADATU.DAT".
    44
    45 01 REG-SAI.
    46     02 NUMERO-SAI PIC 9(05).
    47     02 NOME-SAI PIC X(20).
    48     02 DATA-NASCIMENTO-SAI.
    49        03 DD PIC 9(02).
    50        03 MM PIC 9(02).
    51        03 AA PIC 9(04).
    52
    53 WORKING-STORAGE SECTION.
    54
    55 77 FIM-ARQ PIC X(03) VALUE "NAO".
    56
    57 PROCEDURE DIVISION.
* Microsoft COBOL Version 4.5        L2.4 revision 002 04-Mar-23 12:49 Page   2
*                                       EX02.CBL
    58
    59     PERFORM INICIO.
    60         PERFORM PRINCIPAL UNTIL FIM-ARQ EQUAL "SIM".
    61         PERFORM TERMINO.
    62
    63     STOP RUN.
    64
    65 INICIO.
    66
    67     OPEN INPUT CADALU
    68     OUTPUT CADATU.
    69     PERFORM LEITURA.
    70
    71 LEITURA.
    72
    73     READ CADALU
    74     AT END MOVE "SIM" TO FIM-ARQ.
    75
    76 PRINCIPAL.
    77
    78         PERFORM GRAVACAO.
    79         PERFORM LEITURA.
    80
    81 GRAVACAO.
    82
    83     MOVE NUMERO-ENT TO NUMERO-SAI.
    84     MOVE NOME-ENT TO NOME-SAI.
    85     MOVE DATA-NASCIMENTO-ENT TO DATA-NASCIMENTO-SAI.
    86     WRITE REG-SAI.
    87
    88 TERMINO.
    89
    90     CLOSE CADALU CADATU.
* Microsoft COBOL Version 4.5        L2.4 revision 002
* (C)Copyright Microsoft Corp 1984, 1991       URN AXUPA/MS0/000000
*                                              REF GNB-024050002A7
*
* Total Messages:     0
* Data:        1032     Code:         320     Dictionary:        1254
