* Microsoft COBOL Version 4.5        L2.4 revision 002 05-Jun-23 23:49 Page   1
*                                       EX01.CBL
* Options: LIST(EX01.LST) ASMLIST(EX01.GRP)
     1 IDENTIFICATION DIVISION.
     2 PROGRAM-ID. EX01.
     3 AUTHOR. BRUNO CARVALHO.
     4 DATE-WRITTEN. 05/06/2023.
     5 DATE-COMPILED. 05-Jun-23 23:49.
     6
     7 ENVIRONMENT DIVISION.
     8 CONFIGURATION SECTION.
     9 SOURCE-COMPUTER. BRUNO-PC.
    10 OBJECT-COMPUTER. BRUNO-PC.
    11 SPECIAL-NAMES. DECIMAL-POINT IS COMMA.
    12
    13 INPUT-OUTPUT SECTION.
    14 FILE-CONTROL.
    15     SELECT ARQA ASSIGN TO DISK
    16     ORGANIZATION IS LINE SEQUENTIAL.
    17
    18     SELECT ARQB ASSIGN TO DISK
    19     ORGANIZATION IS LINE SEQUENTIAL.
    20
    21     SELECT ARQORD ASSIGN TO DISK.
    22
    23     SELECT ARQC ASSIGN TO DISK
    24     ORGANIZATION IS LINE SEQUENTIAL.
    25
    26 DATA DIVISION.
    27 FILE SECTION.
    28
    29 FD ARQA
    30     LABEL RECORDS ARE STANDARD
    31     VALUE OF FILE-ID IS "ARQA.DAT".
    32 01 INREC1.
    33     02 CODIGO1 PIC 9(03).
    34     02 NOME1 PIC X(30).
    35     02 TURMA1 PIC X(20).
    36
    37 FD ARQB
    38     LABEL RECORDS ARE STANDARD
    39     VALUE OF FILE-ID IS "ARQB.DAT".
    40 01 INREC2.
    41     02 CODIGO2 PIC 9(03).
    42     02 NOME2 PIC X(30).
    43     02 TURMA2 PIC X(20).
    44
    45 SD ARQORD.
    46 01 SORTED.
    47     02 CODIGO-S PIC 9(03).
    48     02 NOME-S PIC X(30).
    49     02 TURMA-S PIC X(20).
    50
    51 FD ARQC
    52     LABEL RECORDS ARE STANDARD
    53     VALUE OF FILE-ID IS "ARQC.DAT".
    54 01 OUTPUT-RECORD.
    55     02 CODIGO3 PIC 9(03).
    56     02 NOME3 PIC X(30).
    57     02 TURMA3 PIC X(20).
* Microsoft COBOL Version 4.5        L2.4 revision 002 05-Jun-23 23:49 Page   2
*                                       EX01.CBL
    58
    59 WORKING-STORAGE SECTION.
    60 77 FIM-ARQ1 PIC X(03) VALUE "NAO".
    61 77 FIM-ARQ2 PIC X(03) VALUE "NAO".
    62
    63 PROCEDURE DIVISION.
    64
    65 PGM-EX01.
    66     SORT ARQORD
    67         ASCENDING KEY CODIGO-S
    68         USING ARQA ARQB
    69         GIVING ARQC.
    70     STOP RUN.
    71
    72
    73
* Microsoft COBOL Version 4.5        L2.4 revision 002
* (C)Copyright Microsoft Corp 1984, 1991       URN AXUPA/MS0/000000
*                                              REF GNB-024050002A7
*
* Total Messages:     0
* Data:        1564     Code:         301     Dictionary:        1611
