* Microsoft COBOL Version 4.5        L2.4 revision 002 04-Mar-23 12:21 Page   1
*                                       EX01.CBL
* Options: LIST(EX01.LST) ASMLIST(EX01.GRP)
     1 IDENTIFICATION DIVISION.
     2 PROGRAM-ID. EX01.
     3 AUTHOR. BRUNO RODRIGUES DE CARVALHO.
     4 INSTALLATION. FATEC-SP.
     5 DATE-WRITTEN. 04/03/2022.
     6 DATE-COMPILED. 04-Mar-23 12:21.
     7
     8 ENVIRONMENT DIVISION.
     9
    10 CONFIGURATION SECTION.
    11 SOURCE-COMPUTER. BRUNO-NOTEBOOK.
    12 OBJECT-COMPUTER. BRUNO-NOTEBOOK.
    13 SPECIAL-NAMES. DECIMAL-POINT IS COMMA.
    14
    15 INPUT-OUTPUT SECTION.
    16
    17 FILE-CONTROL.
    18
    19     SELECT CADCLI1 ASSIGN TO DISK
    20     ORGANIZATION IS LINE SEQUENTIAL.
    21
    22     SELECT CADCLI2 ASSIGN TO DISK
    23     ORGANIZATION IS LINE SEQUENTIAL.
    24
    25 DATA DIVISION.
    26
    27 FILE SECTION.
    28 FD CADCLI1
    29     LABEL RECORD ARE STANDARD
    30     VALUE OF FILE-ID IS "CADCLI1.DAT".
    31
    32 01 REG-ENT.
    33     02 COD-ENT  PIC 9(05).
    34     02 NOME-ENT PIC X(20).
    35
    36 FD CADCLI2
    37     LABEL RECORD ARE STANDARD
    38     VALUE OF FILE-ID IS "CADCLI2.DAT".
    39
    40 01 REG-SAI.
    41     02 NOME-SAI PIC X(20).
    42     02 COD-SAI  PIC 9(05).
    43
    44 WORKING-STORAGE SECTION.
    45
    46 77 FIM-ARQ PIC X(03) VALUE "NAO".
    47
    48 PROCEDURE DIVISION.
    49
    50     PERFORM INICIO.
    51         PERFORM PRINCIPAL UNTIL FIM-ARQ EQUAL "SIM".
    52         PERFORM TERMINO.
    53
    54     STOP RUN.
    55
    56 INICIO.
    57
* Microsoft COBOL Version 4.5        L2.4 revision 002 04-Mar-23 12:21 Page   2
*                                       EX01.CBL
    58     OPEN INPUT CADCLI1
    59     OUTPUT CADCLI2.
    60     PERFORM LEITURA.
    61
    62 LEITURA.
    63
    64     READ CADCLI1
    65     AT END MOVE "SIM" TO FIM-ARQ.
    66
    67 PRINCIPAL.
    68
    69         PERFORM GRAVACAO.
    70         PERFORM LEITURA.
    71
    72 GRAVACAO.
    73
    74     MOVE COD-ENT TO COD-SAI.
    75     MOVE NOME-ENT TO NOME-SAI.
    76     WRITE REG-SAI.
    77
    78 TERMINO.
    79
    80     CLOSE CADCLI1 CADCLI2.
* Microsoft COBOL Version 4.5        L2.4 revision 002
* (C)Copyright Microsoft Corp 1984, 1991       URN AXUPA/MS0/000000
*                                              REF GNB-024050002A7
*
* Total Messages:     0
* Data:        1016     Code:         313     Dictionary:         985
